c:\users\nossa\downloads\pt project f2020 - logic sim - student\project code framework\debug\graphics_prj.bsc
c:\users\nossa\downloads\pt project f2020 - logic sim - student\project code framework\debug\vc142.pdb
c:\users\nossa\downloads\pt project f2020 - logic sim - student\project code framework\debug\vc142.idb
c:\users\nossa\downloads\pt project f2020 - logic sim - student\project code framework\debug\select.sbr
c:\users\nossa\downloads\pt project f2020 - logic sim - student\project code framework\debug\main.sbr
c:\users\nossa\downloads\pt project f2020 - logic sim - student\project code framework\debug\label.sbr
c:\users\nossa\downloads\pt project f2020 - logic sim - student\project code framework\debug\output.sbr
c:\users\nossa\downloads\pt project f2020 - logic sim - student\project code framework\debug\input.sbr
c:\users\nossa\downloads\pt project f2020 - logic sim - student\project code framework\debug\delete.sbr
c:\users\nossa\downloads\pt project f2020 - logic sim - student\project code framework\debug\applicationmanager.sbr
c:\users\nossa\downloads\pt project f2020 - logic sim - student\project code framework\debug\pin.sbr
c:\users\nossa\downloads\pt project f2020 - logic sim - student\project code framework\debug\outputpin.sbr
c:\users\nossa\downloads\pt project f2020 - logic sim - student\project code framework\debug\inputpin.sbr
c:\users\nossa\downloads\pt project f2020 - logic sim - student\project code framework\debug\gate.sbr
c:\users\nossa\downloads\pt project f2020 - logic sim - student\project code framework\debug\connection.sbr
c:\users\nossa\downloads\pt project f2020 - logic sim - student\project code framework\debug\component.sbr
c:\users\nossa\downloads\pt project f2020 - logic sim - student\project code framework\debug\and2.sbr
c:\users\nossa\downloads\pt project f2020 - logic sim - student\project code framework\debug\windowinput.sbr
c:\users\nossa\downloads\pt project f2020 - logic sim - student\project code framework\debug\mousequeue.sbr
c:\users\nossa\downloads\pt project f2020 - logic sim - student\project code framework\debug\keyqueue.sbr
c:\users\nossa\downloads\pt project f2020 - logic sim - student\project code framework\debug\image.sbr
c:\users\nossa\downloads\pt project f2020 - logic sim - student\project code framework\debug\cmugraphics.sbr
c:\users\nossa\downloads\pt project f2020 - logic sim - student\project code framework\debug\auxil.sbr
c:\users\nossa\downloads\pt project f2020 - logic sim - student\project code framework\debug\auxil.obj
c:\users\nossa\downloads\pt project f2020 - logic sim - student\project code framework\debug\cmugraphics.obj
c:\users\nossa\downloads\pt project f2020 - logic sim - student\project code framework\debug\image.obj
c:\users\nossa\downloads\pt project f2020 - logic sim - student\project code framework\debug\keyqueue.obj
c:\users\nossa\downloads\pt project f2020 - logic sim - student\project code framework\debug\mousequeue.obj
c:\users\nossa\downloads\pt project f2020 - logic sim - student\project code framework\debug\windowinput.obj
c:\users\nossa\downloads\pt project f2020 - logic sim - student\project code framework\debug\and2.obj
c:\users\nossa\downloads\pt project f2020 - logic sim - student\project code framework\debug\component.obj
c:\users\nossa\downloads\pt project f2020 - logic sim - student\project code framework\debug\connection.obj
c:\users\nossa\downloads\pt project f2020 - logic sim - student\project code framework\debug\gate.obj
c:\users\nossa\downloads\pt project f2020 - logic sim - student\project code framework\debug\inputpin.obj
c:\users\nossa\downloads\pt project f2020 - logic sim - student\project code framework\debug\outputpin.obj
c:\users\nossa\downloads\pt project f2020 - logic sim - student\project code framework\debug\pin.obj
c:\users\nossa\downloads\pt project f2020 - logic sim - student\project code framework\debug\applicationmanager.obj
c:\users\nossa\downloads\pt project f2020 - logic sim - student\project code framework\debug\delete.obj
c:\users\nossa\downloads\pt project f2020 - logic sim - student\project code framework\debug\input.obj
c:\users\nossa\downloads\pt project f2020 - logic sim - student\project code framework\debug\output.obj
c:\users\nossa\downloads\pt project f2020 - logic sim - student\project code framework\debug\label.obj
c:\users\nossa\downloads\pt project f2020 - logic sim - student\project code framework\debug\main.obj
c:\users\nossa\downloads\pt project f2020 - logic sim - student\project code framework\debug\select.obj
c:\users\nossa\downloads\pt project f2020 - logic sim - student\project code framework\debug\addandgate2.sbr
c:\users\nossa\downloads\pt project f2020 - logic sim - student\project code framework\debug\addandgate2.obj
c:\users\nossa\downloads\pt project f2020 - logic sim - student\project code framework\debug\jutils.sbr
c:\users\nossa\downloads\pt project f2020 - logic sim - student\project code framework\debug\jquant2.sbr
c:\users\nossa\downloads\pt project f2020 - logic sim - student\project code framework\debug\jquant1.sbr
c:\users\nossa\downloads\pt project f2020 - logic sim - student\project code framework\debug\jmemnobs.sbr
c:\users\nossa\downloads\pt project f2020 - logic sim - student\project code framework\debug\jmemmgr.sbr
c:\users\nossa\downloads\pt project f2020 - logic sim - student\project code framework\debug\jidctred.sbr
c:\users\nossa\downloads\pt project f2020 - logic sim - student\project code framework\debug\jidctint.sbr
c:\users\nossa\downloads\pt project f2020 - logic sim - student\project code framework\debug\jidctfst.sbr
c:\users\nossa\downloads\pt project f2020 - logic sim - student\project code framework\debug\jidctflt.sbr
c:\users\nossa\downloads\pt project f2020 - logic sim - student\project code framework\debug\jerror.sbr
c:\users\nossa\downloads\pt project f2020 - logic sim - student\project code framework\debug\jdtrans.sbr
c:\users\nossa\downloads\pt project f2020 - logic sim - student\project code framework\debug\jdsample.sbr
c:\users\nossa\downloads\pt project f2020 - logic sim - student\project code framework\debug\jdpostct.sbr
c:\users\nossa\downloads\pt project f2020 - logic sim - student\project code framework\debug\jdphuff.sbr
c:\users\nossa\downloads\pt project f2020 - logic sim - student\project code framework\debug\jdmerge.sbr
c:\users\nossa\downloads\pt project f2020 - logic sim - student\project code framework\debug\jdmaster.sbr
c:\users\nossa\downloads\pt project f2020 - logic sim - student\project code framework\debug\jdmarker.sbr
c:\users\nossa\downloads\pt project f2020 - logic sim - student\project code framework\debug\jdmainct.sbr
c:\users\nossa\downloads\pt project f2020 - logic sim - student\project code framework\debug\jdinput.sbr
c:\users\nossa\downloads\pt project f2020 - logic sim - student\project code framework\debug\jdhuff.sbr
c:\users\nossa\downloads\pt project f2020 - logic sim - student\project code framework\debug\jdhuff.obj
c:\users\nossa\downloads\pt project f2020 - logic sim - student\project code framework\debug\jdinput.obj
c:\users\nossa\downloads\pt project f2020 - logic sim - student\project code framework\debug\jdmainct.obj
c:\users\nossa\downloads\pt project f2020 - logic sim - student\project code framework\debug\jdmarker.obj
c:\users\nossa\downloads\pt project f2020 - logic sim - student\project code framework\debug\jdmaster.obj
c:\users\nossa\downloads\pt project f2020 - logic sim - student\project code framework\debug\jdmerge.obj
c:\users\nossa\downloads\pt project f2020 - logic sim - student\project code framework\debug\jdphuff.obj
c:\users\nossa\downloads\pt project f2020 - logic sim - student\project code framework\debug\jdpostct.obj
c:\users\nossa\downloads\pt project f2020 - logic sim - student\project code framework\debug\jdsample.obj
c:\users\nossa\downloads\pt project f2020 - logic sim - student\project code framework\debug\jdtrans.obj
c:\users\nossa\downloads\pt project f2020 - logic sim - student\project code framework\debug\jerror.obj
c:\users\nossa\downloads\pt project f2020 - logic sim - student\project code framework\debug\jidctflt.obj
c:\users\nossa\downloads\pt project f2020 - logic sim - student\project code framework\debug\jidctfst.obj
c:\users\nossa\downloads\pt project f2020 - logic sim - student\project code framework\debug\jidctint.obj
c:\users\nossa\downloads\pt project f2020 - logic sim - student\project code framework\debug\jidctred.obj
c:\users\nossa\downloads\pt project f2020 - logic sim - student\project code framework\debug\jmemmgr.obj
c:\users\nossa\downloads\pt project f2020 - logic sim - student\project code framework\debug\jmemnobs.obj
c:\users\nossa\downloads\pt project f2020 - logic sim - student\project code framework\debug\jquant1.obj
c:\users\nossa\downloads\pt project f2020 - logic sim - student\project code framework\debug\jquant2.obj
c:\users\nossa\downloads\pt project f2020 - logic sim - student\project code framework\debug\jutils.obj
c:\users\nossa\downloads\pt project f2020 - logic sim - student\project code framework\debug\jddctmgr.sbr
c:\users\nossa\downloads\pt project f2020 - logic sim - student\project code framework\debug\jdcolor.sbr
c:\users\nossa\downloads\pt project f2020 - logic sim - student\project code framework\debug\jdcoefct.sbr
c:\users\nossa\downloads\pt project f2020 - logic sim - student\project code framework\debug\jdatasrc.sbr
c:\users\nossa\downloads\pt project f2020 - logic sim - student\project code framework\debug\jdapistd.sbr
c:\users\nossa\downloads\pt project f2020 - logic sim - student\project code framework\debug\jdapimin.sbr
c:\users\nossa\downloads\pt project f2020 - logic sim - student\project code framework\debug\jcparam.sbr
c:\users\nossa\downloads\pt project f2020 - logic sim - student\project code framework\debug\jcomapi.sbr
c:\users\nossa\downloads\pt project f2020 - logic sim - student\project code framework\debug\jpegload.sbr
c:\users\nossa\downloads\pt project f2020 - logic sim - student\project code framework\debug\jpegload.obj
c:\users\nossa\downloads\pt project f2020 - logic sim - student\project code framework\debug\jcomapi.obj
c:\users\nossa\downloads\pt project f2020 - logic sim - student\project code framework\debug\jcparam.obj
c:\users\nossa\downloads\pt project f2020 - logic sim - student\project code framework\debug\jdapimin.obj
c:\users\nossa\downloads\pt project f2020 - logic sim - student\project code framework\debug\jdapistd.obj
c:\users\nossa\downloads\pt project f2020 - logic sim - student\project code framework\debug\jdatasrc.obj
c:\users\nossa\downloads\pt project f2020 - logic sim - student\project code framework\debug\jdcoefct.obj
c:\users\nossa\downloads\pt project f2020 - logic sim - student\project code framework\debug\jdcolor.obj
c:\users\nossa\downloads\pt project f2020 - logic sim - student\project code framework\debug\jddctmgr.obj
c:\users\nossa\downloads\pt project f2020 - logic sim - student\project code framework\debug\graphics_prj.ilk
c:\users\nossa\downloads\pt project f2020 - logic sim - student\project code framework\debug\graphics_prj.exe
c:\users\nossa\downloads\pt project f2020 - logic sim - student\project code framework\debug\graphics_prj.pdb
c:\users\nossa\downloads\pt project f2020 - logic sim - student\project code framework\debug\graphics_prj.tlog\bscmake.command.1.tlog
c:\users\nossa\downloads\pt project f2020 - logic sim - student\project code framework\debug\graphics_prj.tlog\bscmake.read.1.tlog
c:\users\nossa\downloads\pt project f2020 - logic sim - student\project code framework\debug\graphics_prj.tlog\bscmake.write.1.tlog
c:\users\nossa\downloads\pt project f2020 - logic sim - student\project code framework\debug\graphics_prj.tlog\cl.command.1.tlog
c:\users\nossa\downloads\pt project f2020 - logic sim - student\project code framework\debug\graphics_prj.tlog\cl.read.1.tlog
c:\users\nossa\downloads\pt project f2020 - logic sim - student\project code framework\debug\graphics_prj.tlog\cl.write.1.tlog
c:\users\nossa\downloads\pt project f2020 - logic sim - student\project code framework\debug\graphics_prj.tlog\link.command.1.tlog
c:\users\nossa\downloads\pt project f2020 - logic sim - student\project code framework\debug\graphics_prj.tlog\link.read.1.tlog
c:\users\nossa\downloads\pt project f2020 - logic sim - student\project code framework\debug\graphics_prj.tlog\link.write.1.tlog
